<?xml version="1.0" encoding="utf-8" standalone="no"?>
<!--This file represents the results of running a test suite-->
<test-results name="D:\Visual Studio 2005\Projects\TestCuahsiHisWaterOneFlowWebService\WsdlValidationTests\WsdlValidationTests.csproj" total="0" failures="0" not-run="1" date="2008-08-19" time="13:10:14">
  <environment nunit-version="2.4.8.0" clr-version="2.0.50727.1433" os-version="Microsoft Windows NT 5.1.2600 Service Pack 3" platform="Win32NT" cwd="D:\Documents and Settings\Alex\My Documents\NUnit test projects" machine-name="ALEX972LAPTOP" user="Alex" user-domain="ALEX972LAPTOP" />
  <culture-info current-culture="en-US" current-uiculture="en-US" />
  <test-suite name="D:\Visual Studio 2005\Projects\TestCuahsiHisWaterOneFlowWebService\WsdlValidationTests\WsdlValidationTests.csproj" success="True" time="0.030" asserts="0">
    <results>
      <test-suite name="D:\Visual Studio 2005\Projects\TestCuahsiHisWaterOneFlowWebService\WsdlValidationTests\bin\Debug\WsdlValidationTests.dll" success="True" time="0.020" asserts="0">
        <results>
          <test-suite name="WsdlValidationTests" success="True" time="0.020" asserts="0">
            <results>
              <test-suite name="NUnit_test_code" success="True" time="0.020" asserts="0">
                <results>
                  <test-suite name="NUnitTestWSTUW" success="True" time="0.000" asserts="0">
                    <results>
                      <test-case name="WsdlValidationTests.NUnit_test_code.NUnitTestWSTUW.Test_DoesWsdlFileExists_withExistingFile" executed="False">
                        <reason>
                          <message><![CDATA[Fixture class is not public]]></message>
                        </reason>
                      </test-case>
                    </results>
                  </test-suite>
                </results>
              </test-suite>
            </results>
          </test-suite>
        </results>
      </test-suite>
    </results>
  </test-suite>
</test-results>